Starting Dynare (version 4.5.6).
Starting preprocessing of the model file ...
Found 17 equation(s).
Evaluating expressions...done
Computing static model derivatives:
 - order 1
Computing dynamic model derivatives:
 - order 1
 - order 2
Processing outputs ...
done
Preprocessing completed.




Residuals of the static equations:

Equation number 1 : 0
Equation number 2 : 0
Equation number 3 : 0
Equation number 4 : 0
Equation number 5 : 0
Equation number 6 : 0
Equation number 7 : 0
Equation number 8 : 0
Equation number 9 : 0
Equation number 10 : 0
Equation number 11 : 0
Equation number 12 : 0
Equation number 13 : 0
Equation number 14 : 0
Equation number 15 : 0
Equation number 16 : 0
Equation number 17 : 0



STEADY-STATE RESULTS:

r_real     		 0
n_R        		 0
n_K        		 0
c_R        		 0
c_K        		 0
r_real_ann 		 0
m_R        		 0
m_K        		 0
a_R        		 0
a_K        		 0
nu         		 0
i          		 0
pi_p       		 0
i_ann      		 0
pi_p_ann   		 0
f_R        		 0
f_K        		 0

EIGENVALUES:
         Modulus             Real        Imaginary

       8.135e-17        8.135e-17                0
       1.699e-16       -1.699e-16                0
           0.637            0.637                0
          0.6543           0.6543                0
             0.8              0.8                0
               1                1                0
            1.01             1.01                0
           1.029            1.029                0
           1.762            1.762                0
       4.706e+04        4.706e+04                0
             Inf              Inf                0
             Inf              Inf                0


There are 6 eigenvalue(s) larger than 1 in modulus 
for 7 forward-looking variable(s)

The rank condition ISN'T verified!


MODEL SUMMARY

  Number of variables:         17
  Number of stochastic shocks: 1
  Number of state variables:   5
  Number of jumpers:           7
  Number of static variables:  6


MATRIX OF COVARIANCE OF EXOGENOUS SHOCKS
Variables      eps_nu
eps_nu       0.010000

POLICY AND TRANSITION FUNCTIONS
                          r_real_ann             c_R             c_K             n_K             a_R             a_K          r_real           i_ann               i            pi_p        pi_p_ann             f_R             f_K
r_real(-1)                         0               0       -2.216500       -1.108250        1.891750       -1.891750               0       -0.294794       -0.073699       -0.057076       -0.228304       -1.891750       -0.000015
a_R(-1)                            0               0       -0.373148       -0.691625        0.318476       -0.318476               0       -0.075573       -0.018893       -0.019522       -0.078089       -0.318476       -0.000003
a_K(-1)                            0               0        0.373148       -0.318476       -0.318476        0.318476               0        0.023684        0.005921       -0.000305       -0.001219        0.318476        0.000003
nu(-1)                      3.200000       -2.000000       -3.658379       -2.829190       -0.829190        0.829190        0.800000        0.876207        0.219052       -0.379033       -1.516134       -6.786195       -0.000111
pi_p(-1)                           0               0               0               0               0               0               0        1.712350        0.428088        0.654284        2.617136               0               0
eps_nu                      4.000000       -2.500000       -4.572974       -3.536487       -1.036487        1.036487        1.000000        1.095259        0.273815       -0.473792       -1.895167       -8.482744       -0.000139


THEORETICAL MOMENTS
VARIABLE           MEAN  STD. DEV.   VARIANCE
r_real_ann       0.0000     0.6667     0.4444
c_R              0.0000     0.4167     0.1736
c_K              0.0000     1.2159     1.4784
n_K              0.0000     0.8084     0.6535
a_R              0.0000     0.3638     0.1324
a_K              0.0000     0.3638     0.1324
r_real           0.0000     0.1667     0.0278
i_ann            0.0000     0.3485     0.1214
i                0.0000     0.0871     0.0076
pi_p             0.0000     0.2193     0.0481
pi_p_ann         0.0000     0.8771     0.7693
f_R              0.0000     1.7787     3.1637
f_K              0.0000     0.0000     0.0000



MATRIX OF CORRELATIONS
Variables     r_real_ann         c_R         c_K         n_K         a_R         a_K      r_real       i_ann           i        pi_p    pi_p_ann         f_R         f_K
r_real_ann        1.0000     -1.0000     -0.9495     -0.9717      0.4455     -0.4455      1.0000     -0.3606     -0.3606     -0.8523     -0.8523     -0.9831     -0.9950
c_R              -1.0000      1.0000      0.9495      0.9717     -0.4455      0.4455     -1.0000      0.3606      0.3606      0.8523      0.8523      0.9831      0.9950
c_K              -0.9495      0.9495      1.0000      0.9967     -0.7040      0.7040     -0.9495      0.6332      0.6332      0.9722      0.9722      0.9909      0.9760
n_K              -0.9717      0.9717      0.9967      1.0000     -0.6442      0.6442     -0.9717      0.5691      0.5691      0.9507      0.9507      0.9985      0.9904
a_R               0.4455     -0.4455     -0.7040     -0.6442      1.0000     -1.0000      0.4455     -0.9903     -0.9903     -0.8444     -0.8444     -0.6019     -0.5322
a_K              -0.4455      0.4455      0.7040      0.6442     -1.0000      1.0000     -0.4455      0.9903      0.9903      0.8444      0.8444      0.6019      0.5322
r_real            1.0000     -1.0000     -0.9495     -0.9717      0.4455     -0.4455      1.0000     -0.3606     -0.3606     -0.8523     -0.8523     -0.9831     -0.9950
i_ann            -0.3606      0.3606      0.6332      0.5691     -0.9903      0.9903     -0.3606      1.0000      1.0000      0.7952      0.7952      0.5242      0.4509
i                -0.3606      0.3606      0.6332      0.5691     -0.9903      0.9903     -0.3606      1.0000      1.0000      0.7952      0.7952      0.5242      0.4509
pi_p             -0.8523      0.8523      0.9722      0.9507     -0.8444      0.8444     -0.8523      0.7952      0.7952      1.0000      1.0000      0.9329      0.8997
pi_p_ann         -0.8523      0.8523      0.9722      0.9507     -0.8444      0.8444     -0.8523      0.7952      0.7952      1.0000      1.0000      0.9329      0.8997
f_R              -0.9831      0.9831      0.9909      0.9985     -0.6019      0.6019     -0.9831      0.5242      0.5242      0.9329      0.9329      1.0000      0.9964
f_K              -0.9950      0.9950      0.9760      0.9904     -0.5322      0.5322     -0.9950      0.4509      0.4509      0.8997      0.8997      0.9964      1.0000



COEFFICIENTS OF AUTOCORRELATION
Order              1       2       3       4       5
r_real_ann    0.8000  0.6400  0.5120  0.4096  0.3277
c_R           0.8000  0.6400  0.5120  0.4096  0.3277
c_K           0.9218  0.8150  0.7014  0.5926  0.4941
n_K           0.8970  0.7794  0.6629  0.5554  0.4603
a_R           0.8538  0.7173  0.5956  0.4904  0.4012
a_K           0.8538  0.7173  0.5956  0.4904  0.4012
r_real        0.8000  0.6400  0.5120  0.4096  0.3277
i_ann         0.8591  0.7267  0.6076  0.5036  0.4145
i             0.8591  0.7267  0.6076  0.5036  0.4145
pi_p          0.9637  0.8869  0.7910  0.6897  0.5913
pi_p_ann      0.9637  0.8869  0.7910  0.6897  0.5913
f_R           0.8778  0.7518  0.6330  0.5265  0.4340
f_K           0.8441  0.7034  0.5806  0.4759  0.3880
Total computing time : 0h00m00s
