Starting Dynare (version 4.5.6).
Starting preprocessing of the model file ...
Found 17 equation(s).
Evaluating expressions...done
Computing static model derivatives:
 - order 1
Computing dynamic model derivatives:
 - order 1
 - order 2
Processing outputs ...
done
Preprocessing completed.




Residuals of the static equations:

Equation number 1 : 0
Equation number 2 : 0
Equation number 3 : 0
Equation number 4 : 0
Equation number 5 : 0
Equation number 6 : 0
Equation number 7 : 0
Equation number 8 : 0
Equation number 9 : 0
Equation number 10 : 0
Equation number 11 : 0
Equation number 12 : 0
Equation number 13 : 0
Equation number 14 : 0
Equation number 15 : 0
Equation number 16 : 0
Equation number 17 : 0



STEADY-STATE RESULTS:

r_real     		 0
n_R        		 0
n_K        		 0
c_R        		 0
c_K        		 0
r_real_ann 		 0
m_R        		 0
m_K        		 0
a_R        		 0
a_K        		 0
nu         		 0
i          		 0
pi_p       		 0
i_ann      		 0
pi_p_ann   		 0
f_R        		 0
f_K        		 0

EIGENVALUES:
         Modulus             Real        Imaginary

        2.36e-17        -2.36e-17                0
       1.614e-16        1.614e-16                0
          0.6543           0.6543                0
             0.8              0.8                0
          0.9123           0.9123                0
               1                1                0
           1.029            1.029                0
       4.291e+04        4.291e+04                0
             Inf             -Inf                0
             Inf              Inf                0


There are 4 eigenvalue(s) larger than 1 in modulus 
for 5 forward-looking variable(s)

The rank condition ISN'T verified!


MODEL SUMMARY

  Number of variables:         17
  Number of stochastic shocks: 1
  Number of state variables:   5
  Number of jumpers:           5
  Number of static variables:  8


MATRIX OF COVARIANCE OF EXOGENOUS SHOCKS
Variables      eps_nu
eps_nu       0.010000

POLICY AND TRANSITION FUNCTIONS
                          r_real_ann             c_R             c_K             n_K             a_R             a_K          r_real           i_ann               i            pi_p        pi_p_ann             f_R             f_K
r_real(-1)                         0               0       -0.580646       -0.290323        2.709677       -2.709677               0       -0.314489       -0.078622       -0.050186       -0.200742       -2.709677       -0.000006
a_R(-1)                            0               0       -0.293255       -0.651678        0.358423       -0.358423               0       -0.073103       -0.018276       -0.018676       -0.074704       -0.358423               0
a_K(-1)                            0               0       -0.097751       -0.553926       -0.553926        0.553926               0        0.032785        0.008196       -0.001778       -0.007114        0.553926        0.000001
nu(-1)                      3.200000               0       -0.000011       -0.000005       -0.000005        0.000005        0.800000        2.020510        0.505127       -0.175154       -0.700617        0.000005       -0.000056
pi_p(-1)                           0               0               0               0               0               0               0        1.712350        0.428088        0.654284        2.617136               0               0
eps_nu                      4.000000               0       -0.000014       -0.000007       -0.000007        0.000007        1.000000        2.525637        0.631409       -0.218943       -0.875772        0.000007       -0.000070


THEORETICAL MOMENTS
VARIABLE           MEAN  STD. DEV.   VARIANCE
r_real_ann       0.0000     0.6667     0.4444
c_R              0.0000     0.0000     0.0000
c_K              0.0000     0.5982     0.3578
n_K              0.0000     0.2991     0.0895
a_R              0.0000     2.7915     7.7923
a_K              0.0000     2.7915     7.7923
r_real           0.0000     0.1667     0.0278
i_ann            0.0000     0.6012     0.3614
i                0.0000     0.1503     0.0226
pi_p             0.0000     0.2083     0.0434
pi_p_ann         0.0000     0.8331     0.6940
f_R              0.0000     2.7915     7.7923
f_K              0.0000     0.0000     0.0000



MATRIX OF CORRELATIONS
Variables     r_real_ann         c_K         n_K         a_R         a_K      r_real       i_ann           i        pi_p    pi_p_ann         f_R         f_K
r_real_ann        1.0000     -0.4791     -0.4791      0.4791     -0.4791      1.0000      0.1491      0.1491     -0.6172     -0.6172     -0.4791     -0.9431
c_K              -0.4791      1.0000      1.0000     -1.0000      1.0000     -0.4791      0.7964      0.7964      0.9862      0.9862      1.0000      0.7438
n_K              -0.4791      1.0000      1.0000     -1.0000      1.0000     -0.4791      0.7964      0.7964      0.9862      0.9862      1.0000      0.7438
a_R               0.4791     -1.0000     -1.0000      1.0000     -1.0000      0.4791     -0.7964     -0.7964     -0.9862     -0.9862     -1.0000     -0.7438
a_K              -0.4791      1.0000      1.0000     -1.0000      1.0000     -0.4791      0.7964      0.7964      0.9862      0.9862      1.0000      0.7438
r_real            1.0000     -0.4791     -0.4791      0.4791     -0.4791      1.0000      0.1491      0.1491     -0.6172     -0.6172     -0.4791     -0.9431
i_ann             0.1491      0.7964      0.7964     -0.7964      0.7964      0.1491      1.0000      1.0000      0.6860      0.6860      0.7964      0.1883
i                 0.1491      0.7964      0.7964     -0.7964      0.7964      0.1491      1.0000      1.0000      0.6860      0.6860      0.7964      0.1883
pi_p             -0.6172      0.9862      0.9862     -0.9862      0.9862     -0.6172      0.6860      0.6860      1.0000      1.0000      0.9862      0.8437
pi_p_ann         -0.6172      0.9862      0.9862     -0.9862      0.9862     -0.6172      0.6860      0.6860      1.0000      1.0000      0.9862      0.8437
f_R              -0.4791      1.0000      1.0000     -1.0000      1.0000     -0.4791      0.7964      0.7964      0.9862      0.9862      1.0000      0.7438
f_K              -0.9431      0.7438      0.7438     -0.7438      0.7438     -0.9431      0.1883      0.1883      0.8437      0.8437      0.7438      1.0000



COEFFICIENTS OF AUTOCORRELATION
Order              1       2       3       4       5
r_real_ann    0.8000  0.6400  0.5120  0.4096  0.3277
c_K           0.9899  0.9651  0.9301  0.8883  0.8422
n_K           0.9899  0.9651  0.9301  0.8883  0.8422
a_R           0.9899  0.9651  0.9301  0.8883  0.8422
a_K           0.9899  0.9651  0.9301  0.8883  0.8422
r_real        0.8000  0.6400  0.5120  0.4096  0.3277
i_ann         0.8691  0.7591  0.6662  0.5871  0.5193
i             0.8691  0.7591  0.6662  0.5871  0.5193
pi_p          0.9889  0.9625  0.9256  0.8820  0.8344
pi_p_ann      0.9889  0.9625  0.9256  0.8820  0.8344
f_R           0.9899  0.9651  0.9301  0.8883  0.8422
f_K           0.8895  0.7932  0.7091  0.6352  0.5701
Total computing time : 0h00m00s
