Starting Dynare (version 4.5.6).
Starting preprocessing of the model file ...
Found 18 equation(s).
Evaluating expressions...done
Computing static model derivatives:
 - order 1
Computing dynamic model derivatives:
 - order 1
 - order 2
Processing outputs ...
done
Preprocessing completed.




Residuals of the static equations:

Equation number 1 : 0
Equation number 2 : 0
Equation number 3 : 0
Equation number 4 : 0
Equation number 5 : 0
Equation number 6 : 0
Equation number 7 : 0
Equation number 8 : 0
Equation number 9 : 0
Equation number 10 : 0
Equation number 11 : 0
Equation number 12 : 0
Equation number 13 : 0
Equation number 14 : 0
Equation number 15 : 0
Equation number 16 : 0
Equation number 17 : 0
Equation number 18 : 0



STEADY-STATE RESULTS:

r_real     		 0
n_R        		 0
n_K        		 0
c_R        		 0
c_K        		 0
r_real_ann 		 0
m_R        		 0
m_K        		 0
a_R        		 0
a_K        		 0
nu         		 0
i          		 0
pi_p       		 0
i_ann      		 0
pi_p_ann   		 0
f_R        		 0
f_K        		 0
Bp         		 0

EIGENVALUES:
         Modulus             Real        Imaginary

       8.251e-16        8.251e-16                0
          0.2395           0.2395                0
             0.8              0.8                0
          0.9814           0.9814                0
               1                1                0
            1.01             1.01                0
             1.1              1.1                0
           1.544            1.544                0
             Inf              Inf                0


There are 4 eigenvalue(s) larger than 1 in modulus 
for 5 forward-looking variable(s)

The rank condition ISN'T verified!


MODEL SUMMARY

  Number of variables:         18
  Number of stochastic shocks: 1
  Number of state variables:   4
  Number of jumpers:           5
  Number of static variables:  10


MATRIX OF COVARIANCE OF EXOGENOUS SHOCKS
Variables      eps_nu
eps_nu       0.010000

POLICY AND TRANSITION FUNCTIONS
                          r_real_ann             c_R             c_K             n_K             a_R             a_K          r_real           i_ann               i            pi_p        pi_p_ann             f_R             f_K
a_R(-1)                            0               0      -24.023256      -24.023256       -2.402326        2.402326               0        0.130392        0.032598       -0.179277       -0.717109       17.473123               0
a_K(-1)                            0               0      -17.418605      -18.418605       -2.641860        2.641860               0        0.554358        0.138589       -0.092467       -0.369870       19.215361               0
nu(-1)                      3.200000               0               0               0        0.299289       -0.299289        0.800000        2.847180        0.711795       -0.034929       -0.139717        0.957423               0
pi_p(-1)                           0               0               0               0               0               0               0        3.852788        0.963197        0.981426        3.925704               0               0
eps_nu                      4.000000               0               0               0        0.374111       -0.374111        1.000000        3.558975        0.889744       -0.043661       -0.174646        1.196779               0


THEORETICAL MOMENTS
VARIABLE           MEAN  STD. DEV.   VARIANCE
r_real_ann       0.0000     0.6667     0.4444
c_R              0.0000     0.0000     0.0000
c_K              0.0000     0.5150     0.2652
n_K              0.0000     0.4370     0.1910
a_R              0.0000     0.0780     0.0061
a_K              0.0000     0.0780     0.0061
r_real           0.0000     0.1667     0.0278
i_ann            0.0000     0.9035     0.8163
i                0.0000     0.2259     0.0510
pi_p             0.0000     0.2160     0.0467
pi_p_ann         0.0000     0.8641     0.7467
f_R              0.0000     0.1239     0.0154
f_K              0.0000     0.0000     0.0000



MATRIX OF CORRELATIONS
Variables     r_real_ann         c_K         n_K         a_R         a_K      r_real       i_ann           i        pi_p    pi_p_ann         f_R
r_real_ann        1.0000     -0.7914     -0.7914      0.9892     -0.9892      1.0000      0.4270      0.4270     -0.2722     -0.2722      0.7421
c_K              -0.7914      1.0000      1.0000     -0.8724      0.8724     -0.7914     -0.2041     -0.2041      0.3551      0.3551     -0.1776
n_K              -0.7914      1.0000      1.0000     -0.8724      0.8724     -0.7914     -0.2041     -0.2041      0.3551      0.3551     -0.1776
a_R               0.9892     -0.8724     -0.8724      1.0000     -1.0000      0.9892      0.3903      0.3903     -0.3027     -0.3027      0.6360
a_K              -0.9892      0.8724      0.8724     -1.0000      1.0000     -0.9892     -0.3903     -0.3903      0.3027      0.3027     -0.6360
r_real            1.0000     -0.7914     -0.7914      0.9892     -0.9892      1.0000      0.4270      0.4270     -0.2722     -0.2722      0.7421
i_ann             0.4270     -0.2041     -0.2041      0.3903     -0.3903      0.4270      1.0000      1.0000      0.7539      0.7539      0.4636
i                 0.4270     -0.2041     -0.2041      0.3903     -0.3903      0.4270      1.0000      1.0000      0.7539      0.7539      0.4636
pi_p             -0.2722      0.3551      0.3551     -0.3027      0.3027     -0.2722      0.7539      0.7539      1.0000      1.0000     -0.0489
pi_p_ann         -0.2722      0.3551      0.3551     -0.3027      0.3027     -0.2722      0.7539      0.7539      1.0000      1.0000     -0.0489
f_R               0.7421     -0.1776     -0.1776      0.6360     -0.6360      0.7421      0.4636      0.4636     -0.0489     -0.0489      1.0000



COEFFICIENTS OF AUTOCORRELATION
Order              1       2       3       4       5
r_real_ann    0.8000  0.6400  0.5120  0.4096  0.3277
c_K           0.8724  0.7152  0.5763  0.4621  0.3699
n_K           0.8724  0.7152  0.5763  0.4621  0.3699
a_R           0.8724  0.7152  0.5763  0.4621  0.3699
a_K           0.8724  0.7152  0.5763  0.4621  0.3699
r_real        0.8000  0.6400  0.5120  0.4096  0.3277
i_ann         0.9045  0.8257  0.7607  0.7069  0.6619
i             0.9045  0.8257  0.7607  0.7069  0.6619
pi_p          0.9982  0.9933  0.9858  0.9762  0.9650
pi_p_ann      0.9982  0.9933  0.9858  0.9762  0.9650
f_R           0.2585  0.0771  0.0306  0.0170  0.0118
Total computing time : 0h00m00s
