This is pdfTeX, Version 3.14159265-2.6-1.40.20 (MiKTeX 2.9.7000 64-bit) (preloaded format=pdflatex 2019.11.20)  13 FEB 2020 14:40
entering extended mode
**./WhoPaysAttention.tex
(WhoPaysAttention.tex
LaTeX2e <2018-12-01>
(AEA.cls
Document Class: AEA 2011/07/24 American Economic Association Article Classes
("C:\Program Files\MiKTeX 2.9\tex/latex/tools\multicol.sty"
Package: multicol 2018/12/27 v1.8v multicolumn formatting (FMi)
\c@tracingmulticols=\count80
\mult@box=\box27
\multicol@leftmargin=\dimen102
\c@unbalance=\count81
\c@collectmore=\count82
\doublecol@number=\count83
\multicoltolerance=\count84
\multicolpretolerance=\count85
\full@width=\dimen103
\page@free=\dimen104
\premulticols=\dimen105
\postmulticols=\dimen106
\multicolsep=\skip41
\multicolbaselineskip=\skip42
\partial@page=\box28
\last@line=\box29
\maxbalancingoverflow=\dimen107
\mult@rightbox=\box30
\mult@grightbox=\box31
\mult@gfirstbox=\box32
\mult@firstbox=\box33
\@tempa=\box34
\@tempa=\box35
\@tempa=\box36
\@tempa=\box37
\@tempa=\box38
\@tempa=\box39
\@tempa=\box40
\@tempa=\box41
\@tempa=\box42
\@tempa=\box43
\@tempa=\box44
\@tempa=\box45
\@tempa=\box46
\@tempa=\box47
\@tempa=\box48
\@tempa=\box49
\@tempa=\box50
\c@columnbadness=\count86
\c@finalcolumnbadness=\count87
\last@try=\dimen108
\multicolovershoot=\dimen109
\multicolundershoot=\dimen110
\mult@nat@firstbox=\box51
\colbreak@box=\box52
\mc@col@check@num=\count88
)
(C:\Users\edmun\AppData\Roaming\MiKTeX\2.9\tex/latex/setspace\setspace.sty
Package: setspace 2011/12/19 v6.7a set line spacing
)
("C:\Program Files\MiKTeX 2.9\tex/latex/amsmath\amsmath.sty"
Package: amsmath 2018/12/01 v2.17b AMS math features
\@mathmargin=\skip43

For additional information on amsmath, use the `?' option.
("C:\Program Files\MiKTeX 2.9\tex/latex/amsmath\amstext.sty"
Package: amstext 2000/06/29 v2.01 AMS text

("C:\Program Files\MiKTeX 2.9\tex/latex/amsmath\amsgen.sty"
File: amsgen.sty 1999/11/30 v2.0 generic functions
\@emptytoks=\toks14
\ex@=\dimen111
))
("C:\Program Files\MiKTeX 2.9\tex/latex/amsmath\amsbsy.sty"
Package: amsbsy 1999/11/29 v1.2d Bold Symbols
\pmbraise@=\dimen112
)
("C:\Program Files\MiKTeX 2.9\tex/latex/amsmath\amsopn.sty"
Package: amsopn 2016/03/08 v2.02 operator names
)
\inf@bad=\count89
LaTeX Info: Redefining \frac on input line 223.
\uproot@=\count90
\leftroot@=\count91
LaTeX Info: Redefining \overline on input line 385.
\classnum@=\count92
\DOTSCASE@=\count93
LaTeX Info: Redefining \ldots on input line 482.
LaTeX Info: Redefining \dots on input line 485.
LaTeX Info: Redefining \cdots on input line 606.
\Mathstrutbox@=\box53
\strutbox@=\box54
\big@size=\dimen113
LaTeX Font Info:    Redeclaring font encoding OML on input line 729.
LaTeX Font Info:    Redeclaring font encoding OMS on input line 730.
\macc@depth=\count94
\c@MaxMatrixCols=\count95
\dotsspace@=\muskip10
\c@parentequation=\count96
\dspbrk@lvl=\count97
\tag@help=\toks15
\row@=\count98
\column@=\count99
\maxfields@=\count100
\andhelp@=\toks16
\eqnshift@=\dimen114
\alignsep@=\dimen115
\tagshift@=\dimen116
\tagwidth@=\dimen117
\totwidth@=\dimen118
\lineht@=\dimen119
\@envbody=\toks17
\multlinegap=\skip44
\multlinetaggap=\skip45
\mathdisplay@stack=\toks18
LaTeX Info: Redefining \[ on input line 2844.
LaTeX Info: Redefining \] on input line 2845.
)
Journal Selected: 
Mode Selected: final
\abstractIndent=\skip46
\abstractWidth=\skip47
\c@part=\count101
\c@section=\count102
\c@subsection=\count103
\c@subsubsection=\count104
\c@paragraph=\count105
\c@subparagraph=\count106
\c@figure=\count107
\c@table=\count108
\abovecaptionskip=\skip48
\belowcaptionskip=\skip49
\bibindent=\dimen120
) (C:\Users\edmun\AppData\Roaming\MiKTeX\2.9\tex/latex/natbib\natbib.sty
Package: natbib 2010/09/13 8.31b (PWD, AO)
\bibhang=\skip50
\bibsep=\skip51
LaTeX Info: Redefining \cite on input line 694.
\c@NAT@ctr=\count109
)
("C:\Program Files\MiKTeX 2.9\tex/latex/amsfonts\amsfonts.sty"
Package: amsfonts 2013/01/14 v3.01 Basic AMSFonts support
\symAMSa=\mathgroup4
\symAMSb=\mathgroup5
LaTeX Font Info:    Overwriting math alphabet `\mathfrak' in version `bold'
(Font)                  U/euf/m/n --> U/euf/b/n on input line 106.
)
("C:\Program Files\MiKTeX 2.9\tex/latex/graphics\graphicx.sty"
Package: graphicx 2017/06/01 v1.1a Enhanced LaTeX Graphics (DPC,SPQR)

("C:\Program Files\MiKTeX 2.9\tex/latex/graphics\keyval.sty"
Package: keyval 2014/10/28 v1.15 key=value parser (DPC)
\KV@toks@=\toks19
)
("C:\Program Files\MiKTeX 2.9\tex/latex/graphics\graphics.sty"
Package: graphics 2017/06/25 v1.2c Standard LaTeX Graphics (DPC,SPQR)

("C:\Program Files\MiKTeX 2.9\tex/latex/graphics\trig.sty"
Package: trig 2016/01/03 v1.10 sin cos tan (DPC)
)
("C:\Program Files\MiKTeX 2.9\tex/latex/graphics-cfg\graphics.cfg"
File: graphics.cfg 2016/06/04 v1.11 sample graphics configuration
)
Package graphics Info: Driver file: pdftex.def on input line 99.

("C:\Program Files\MiKTeX 2.9\tex/latex/graphics-def\pdftex.def"
File: pdftex.def 2018/01/08 v1.0l Graphics/color driver for pdftex
))
\Gin@req@height=\dimen121
\Gin@req@width=\dimen122
)
(C:\Users\edmun\AppData\Roaming\MiKTeX\2.9\tex/latex/booktabs\booktabs.sty
Package: booktabs 2019/10/08 v1.6180339 publication quality tables
\heavyrulewidth=\dimen123
\lightrulewidth=\dimen124
\cmidrulewidth=\dimen125
\belowrulesep=\dimen126
\belowbottomsep=\dimen127
\aboverulesep=\dimen128
\abovetopsep=\dimen129
\cmidrulesep=\dimen130
\cmidrulekern=\dimen131
\defaultaddspace=\dimen132
\@cmidla=\count110
\@cmidlb=\count111
\@aboverulesep=\dimen133
\@belowrulesep=\dimen134
\@thisruleclass=\count112
\@lastruleclass=\count113
\@thisrulewidth=\dimen135
)
\TableWidth=\skip52

("C:\Program Files\MiKTeX 2.9\tex/latex/tools\array.sty"
Package: array 2018/12/30 v2.4k Tabular extension package (FMi)
\col@sep=\dimen136
\ar@mcellbox=\box55
\extrarowheight=\dimen137
\NC@list=\toks20
\extratabsurround=\skip53
\backup@length=\skip54
\ar@cellbox=\box56
) (WhoPaysAttention.aux)
\openout1 = `WhoPaysAttention.aux'.

LaTeX Font Info:    Checking defaults for OML/cmm/m/it on input line 32.
LaTeX Font Info:    ... okay on input line 32.
LaTeX Font Info:    Checking defaults for T1/cmr/m/n on input line 32.
LaTeX Font Info:    ... okay on input line 32.
LaTeX Font Info:    Checking defaults for OT1/cmr/m/n on input line 32.
LaTeX Font Info:    ... okay on input line 32.
LaTeX Font Info:    Checking defaults for OMS/cmsy/m/n on input line 32.
LaTeX Font Info:    ... okay on input line 32.
LaTeX Font Info:    Checking defaults for OMX/cmex/m/n on input line 32.
LaTeX Font Info:    ... okay on input line 32.
LaTeX Font Info:    Checking defaults for U/cmr/m/n on input line 32.
LaTeX Font Info:    ... okay on input line 32.

(C:\Users\edmun\AppData\Roaming\MiKTeX\2.9\tex/context/base/mkii\supp-pdf.mkii
[Loading MPS to PDF converter (version 2006.09.02).]
\scratchcounter=\count114
\scratchdimen=\dimen138
\scratchbox=\box57
\nofMPsegments=\count115
\nofMParguments=\count116
\everyMPshowfont=\toks21
\MPscratchCnt=\count117
\MPscratchDim=\dimen139
\MPnumerator=\count118
\makeMPintoPDFobject=\count119
\everyMPtoPDFconversion=\toks22
) ("C:\Program Files\MiKTeX 2.9\tex/latex/oberdiek\epstopdf-base.sty"
Package: epstopdf-base 2016/05/15 v2.6 Base part for package epstopdf

("C:\Program Files\MiKTeX 2.9\tex/generic/oberdiek\infwarerr.sty"
Package: infwarerr 2016/05/16 v1.4 Providing info/warning/error messages (HO)
)
("C:\Program Files\MiKTeX 2.9\tex/latex/oberdiek\grfext.sty"
Package: grfext 2016/05/16 v1.2 Manage graphics extensions (HO)

("C:\Program Files\MiKTeX 2.9\tex/generic/oberdiek\kvdefinekeys.sty"
Package: kvdefinekeys 2016/05/16 v1.4 Define keys (HO)

("C:\Program Files\MiKTeX 2.9\tex/generic/oberdiek\ltxcmds.sty"
Package: ltxcmds 2016/05/16 v1.23 LaTeX kernel commands for general use (HO)
)))
("C:\Program Files\MiKTeX 2.9\tex/latex/oberdiek\kvoptions.sty"
Package: kvoptions 2016/05/16 v3.12 Key value format for package options (HO)

("C:\Program Files\MiKTeX 2.9\tex/generic/oberdiek\kvsetkeys.sty"
Package: kvsetkeys 2016/05/16 v1.17 Key value parser (HO)

("C:\Program Files\MiKTeX 2.9\tex/generic/oberdiek\etexcmds.sty"
Package: etexcmds 2016/05/16 v1.6 Avoid name clashes with e-TeX commands (HO)

("C:\Program Files\MiKTeX 2.9\tex/generic/oberdiek\ifluatex.sty"
Package: ifluatex 2016/05/16 v1.4 Provides the ifluatex switch (HO)
Package ifluatex Info: LuaTeX not detected.
))))
("C:\Program Files\MiKTeX 2.9\tex/generic/oberdiek\pdftexcmds.sty"
Package: pdftexcmds 2018/09/10 v0.29 Utility functions of pdfTeX for LuaTeX (HO
)

("C:\Program Files\MiKTeX 2.9\tex/generic/oberdiek\ifpdf.sty"
Package: ifpdf 2018/09/07 v3.3 Provides the ifpdf switch
)
Package pdftexcmds Info: LuaTeX not detected.
Package pdftexcmds Info: \pdf@primitive is available.
Package pdftexcmds Info: \pdf@ifprimitive is available.
Package pdftexcmds Info: \pdfdraftmode found.
)
Package epstopdf-base Info: Redefining graphics rule for `.eps' on input line 4
38.
Package grfext Info: Graphics extension search list:
(grfext)             [.pdf,.png,.jpg,.mps,.jpeg,.jbig2,.jb2,.PDF,.PNG,.JPG,.JPE
G,.JBIG2,.JB2,.eps]
(grfext)             \AppendGraphicsExtensions on input line 456.
)
LaTeX Font Info:    Try loading font information for U+msa on input line 50.

("C:\Program Files\MiKTeX 2.9\tex/latex/amsfonts\umsa.fd"
File: umsa.fd 2013/01/14 v3.01 AMS symbols A
)
LaTeX Font Info:    Try loading font information for U+msb on input line 50.

("C:\Program Files\MiKTeX 2.9\tex/latex/amsfonts\umsb.fd"
File: umsb.fd 2013/01/14 v3.01 AMS symbols B
)
LaTeX Font Info:    Try loading font information for OMS+cmr on input line 50.

("C:\Program Files\MiKTeX 2.9\tex/latex/base\omscmr.fd"
File: omscmr.fd 2014/09/29 v2.5h Standard LaTeX font definitions
)
LaTeX Font Info:    Font shape `OMS/cmr/m/n' in size <8> not available
(Font)              Font shape `OMS/cmsy/m/n' tried instead on input line 50.
LaTeX Font Info:    Font shape `OMS/cmr/m/n' in size <6> not available
(Font)              Font shape `OMS/cmsy/m/n' tried instead on input line 50.
 [1

{C:/Users/edmun/AppData/Local/MiKTeX/2.9/pdftex/config/pdftex.map}]
LaTeX Font Info:    Font shape `OMS/cmr/m/n' in size <10.95> not available
(Font)              Font shape `OMS/cmsy/m/n' tried instead on input line 56.
 [2]
Underfull \hbox (badness 10000) in paragraph at lines 89--92

 []

[3]
Underfull \vbox (badness 10000) has occurred while \output is active []

 [4]
[5]
Underfull \hbox (badness 10000) in paragraph at lines 135--141

 []


Underfull \hbox (badness 10000) in paragraph at lines 135--141

 []


Underfull \vbox (badness 10000) has occurred while \output is active []

 [6]
Underfull \hbox (badness 10000) in paragraph at lines 161--162

 []


Underfull \vbox (badness 10000) has occurred while \output is active []

 [7]
Underfull \vbox (badness 2538) has occurred while \output is active []

 [8]
<../Code/Dolo/Figures/shock.pdf, id=41, 433.62pt x 289.08pt>
File: ../Code/Dolo/Figures/shock.pdf Graphic file (type pdf)
<use ../Code/Dolo/Figures/shock.pdf>
Package pdftex.def Info: ../Code/Dolo/Figures/shock.pdf  used on input line 206
.
(pdftex.def)             Requested size: 173.48949pt x 115.66081pt.
<../Code/Dolo/Figures/output_gap.pdf, id=42, 433.62pt x 289.08pt>
File: ../Code/Dolo/Figures/output_gap.pdf Graphic file (type pdf)
<use ../Code/Dolo/Figures/output_gap.pdf>
Package pdftex.def Info: ../Code/Dolo/Figures/output_gap.pdf  used on input lin
e 207.
(pdftex.def)             Requested size: 173.48949pt x 115.66081pt.
<../Code/Dolo/Figures/real_rate.pdf, id=43, 433.62pt x 289.08pt>
File: ../Code/Dolo/Figures/real_rate.pdf Graphic file (type pdf)
<use ../Code/Dolo/Figures/real_rate.pdf>
Package pdftex.def Info: ../Code/Dolo/Figures/real_rate.pdf  used on input line
 208.
(pdftex.def)             Requested size: 173.48949pt x 115.66081pt.
<../Code/Dolo/Figures/nominal_rate.pdf, id=44, 433.62pt x 289.08pt>
File: ../Code/Dolo/Figures/nominal_rate.pdf Graphic file (type pdf)
<use ../Code/Dolo/Figures/nominal_rate.pdf>
Package pdftex.def Info: ../Code/Dolo/Figures/nominal_rate.pdf  used on input l
ine 209.
(pdftex.def)             Requested size: 173.48949pt x 115.66081pt.
<../Code/Dolo/Figures/constrained.pdf, id=45, 433.62pt x 289.08pt>
File: ../Code/Dolo/Figures/constrained.pdf Graphic file (type pdf)
<use ../Code/Dolo/Figures/constrained.pdf>
Package pdftex.def Info: ../Code/Dolo/Figures/constrained.pdf  used on input li
ne 210.
(pdftex.def)             Requested size: 173.48949pt x 115.66081pt.
<../Code/Dolo/Figures/unconstrained.pdf, id=46, 433.62pt x 289.08pt>
File: ../Code/Dolo/Figures/unconstrained.pdf Graphic file (type pdf)
<use ../Code/Dolo/Figures/unconstrained.pdf>
Package pdftex.def Info: ../Code/Dolo/Figures/unconstrained.pdf  used on input 
line 211.
(pdftex.def)             Requested size: 173.48949pt x 115.66081pt.
<../Code/Dolo/Figures/inflation.pdf, id=47, 433.62pt x 289.08pt>
File: ../Code/Dolo/Figures/inflation.pdf Graphic file (type pdf)
<use ../Code/Dolo/Figures/inflation.pdf>
Package pdftex.def Info: ../Code/Dolo/Figures/inflation.pdf  used on input line
 212.
(pdftex.def)             Requested size: 173.48949pt x 115.66081pt.

Underfull \hbox (badness 10000) in paragraph at lines 200--216

 []


Underfull \hbox (badness 10000) in paragraph at lines 200--216

 []

[9]

LaTeX Warning: `h' float specifier changed to `ht'.

<../Code/Dolo/Figures/shock_fwd_guid.pdf, id=51, 433.62pt x 289.08pt>
File: ../Code/Dolo/Figures/shock_fwd_guid.pdf Graphic file (type pdf)
<use ../Code/Dolo/Figures/shock_fwd_guid.pdf>
Package pdftex.def Info: ../Code/Dolo/Figures/shock_fwd_guid.pdf  used on input
 line 218.
(pdftex.def)             Requested size: 173.48949pt x 115.66081pt.
<../Code/Dolo/Figures/output_fwd_guid.pdf, id=52, 433.62pt x 289.08pt>
File: ../Code/Dolo/Figures/output_fwd_guid.pdf Graphic file (type pdf)
<use ../Code/Dolo/Figures/output_fwd_guid.pdf>
Package pdftex.def Info: ../Code/Dolo/Figures/output_fwd_guid.pdf  used on inpu
t line 219.
(pdftex.def)             Requested size: 173.48949pt x 115.66081pt.

LaTeX Warning: `h' float specifier changed to `ht'.

(WhoPaysAttention.bbl [10]) [11] [12 <../Code/Dolo/Figures/shock.pdf> <../Code/
Dolo/Figures/output_gap.pdf

pdfTeX warning: pdflatex.exe (file ../Code/Dolo/Figures/output_gap.pdf): PDF in
clusion: multiple pdfs with page group included in a single page
> <../Code/Dolo/Figures/real_rate.pdf

pdfTeX warning: pdflatex.exe (file ../Code/Dolo/Figures/real_rate.pdf): PDF inc
lusion: multiple pdfs with page group included in a single page
> <../Code/Dolo/Figures/nominal_rate.pdf

pdfTeX warning: pdflatex.exe (file ../Code/Dolo/Figures/nominal_rate.pdf): PDF 
inclusion: multiple pdfs with page group included in a single page
> <../Code/Dolo/Figures/constrained.pdf

pdfTeX warning: pdflatex.exe (file ../Code/Dolo/Figures/constrained.pdf): PDF i
nclusion: multiple pdfs with page group included in a single page
> <../Code/Dolo/Figures/unconstrained.pdf

pdfTeX warning: pdflatex.exe (file ../Code/Dolo/Figures/unconstrained.pdf): PDF
 inclusion: multiple pdfs with page group included in a single page
> <../Code/Dolo/Figures/inflation.pdf

pdfTeX warning: pdflatex.exe (file ../Code/Dolo/Figures/inflation.pdf): PDF inc
lusion: multiple pdfs with page group included in a single page
>] [13 <../Code/Dolo/Figures/shock_fwd_guid.pdf> <../Code/Dolo/Figures/output_f
wd_guid.pdf

pdfTeX warning: pdflatex.exe (file ../Code/Dolo/Figures/output_fwd_guid.pdf): P
DF inclusion: multiple pdfs with page group included in a single page
>] (WhoPaysAttention.aux) ) 
Here is how much of TeX's memory you used:
 2912 strings out of 492897
 41010 string characters out of 3133497
 110744 words of memory out of 3000000
 6771 multiletter control sequences out of 15000+200000
 12443 words of font info for 46 fonts, out of 3000000 for 9000
 1141 hyphenation exceptions out of 8191
 41i,11n,25p,990b,287s stack positions out of 5000i,500n,10000p,200000b,50000s
<C:/Program Files/MiKTeX 2.9/fonts/type1/public/amsf
onts/cm/cmbx10.pfb><C:/Program Files/MiKTeX 2.9/fonts/type1/public/amsfonts/cm/
cmcsc10.pfb><C:/Program Files/MiKTeX 2.9/fonts/type1/public/amsfonts/cm/cmmi10.
pfb><C:/Program Files/MiKTeX 2.9/fonts/type1/public/amsfonts/cm/cmmi6.pfb><C:/P
rogram Files/MiKTeX 2.9/fonts/type1/public/amsfonts/cm/cmmi8.pfb><C:/Program Fi
les/MiKTeX 2.9/fonts/type1/public/amsfonts/cm/cmr10.pfb><C:/Program Files/MiKTe
X 2.9/fonts/type1/public/amsfonts/cm/cmr8.pfb><C:/Program Files/MiKTeX 2.9/font
s/type1/public/amsfonts/cm/cmssbx10.pfb><C:/Program Files/MiKTeX 2.9/fonts/type
1/public/amsfonts/cm/cmsy10.pfb><C:/Program Files/MiKTeX 2.9/fonts/type1/public
/amsfonts/cm/cmsy6.pfb><C:/Program Files/MiKTeX 2.9/fonts/type1/public/amsfonts
/cm/cmsy8.pfb><C:/Program Files/MiKTeX 2.9/fonts/type1/public/amsfonts/cm/cmti1
0.pfb><C:/Program Files/MiKTeX 2.9/fonts/type1/public/amsfonts/cm/cmti8.pfb><C:
/Program Files/MiKTeX 2.9/fonts/type1/public/amsfonts/symbols/msbm10.pfb>
Output written on WhoPaysAttention.pdf (13 pages, 287795 bytes).
PDF statistics:
 374 PDF objects out of 1000 (max. 8388607)
 0 named destinations out of 1000 (max. 500000)
 46 words of extra memory for PDF output out of 10000 (max. 10000000)

